Arguments: 
  /usr/bin/node /usr/share/yarn/bin/yarn.js -global add create-react-app freedomwall

PATH: 
  /usr/local/bin:/usr/local/sbin:/usr/bin:/usr/sbin:/bin:/sbin:/home/jeffrey.uvero/.local/bin:/home/jeffrey.uvero/bin

Yarn version: 
  1.12.3

Node version: 
  8.12.0

Platform: 
  linux x64

Trace: 
  Error: https://registry.yarnpkg.com/freedomwall: Not found
      at Request.params.callback [as _callback] (/usr/share/yarn/lib/cli.js:65894:18)
      at Request.self.callback (/usr/share/yarn/lib/cli.js:129018:22)
      at emitTwo (events.js:126:13)
      at Request.emit (events.js:214:7)
      at Request.<anonymous> (/usr/share/yarn/lib/cli.js:129990:10)
      at emitOne (events.js:116:13)
      at Request.emit (events.js:211:7)
      at IncomingMessage.<anonymous> (/usr/share/yarn/lib/cli.js:129912:12)
      at Object.onceWrapper (events.js:313:30)
      at emitNone (events.js:111:20)

npm manifest: 
  No manifest

yarn manifest: 
  No manifest

Lockfile: 
  No lockfile
